Using pre-set license
Built from '2020.3/release' branch; Version is '2020.3.7f1 (dd97f2c94397) revision 14522354'; Using compiler version '192528614'; Build Type 'Release'
OS: 'Windows 10 Pro; OS build 19043.1526; Version 2009; 64bit' Language: 'en' Physical Memory: 16320 MB
BatchMode: 1, IsHumanControllingUs: 0, StartBugReporterOnCrash: 0, Is64bit: 1, IsPro: 0

 COMMAND LINE ARGUMENTS:
H:\Unity Installs\2020.3.7f1\Editor\Unity.exe
-adb2
-batchMode
-noUpm
-name
AssetImportWorker0
-projectPath
H:/Github Repos/games-development-year-1-assignment-3/Super Mega Phone 999 Charger Ultra Deluxe
-logFile
Logs/AssetImportWorker0.log
-srvPort
61075
Successfully changed project path to: H:/Github Repos/games-development-year-1-assignment-3/Super Mega Phone 999 Charger Ultra Deluxe
H:/Github Repos/games-development-year-1-assignment-3/Super Mega Phone 999 Charger Ultra Deluxe
Using Asset Import Pipeline V2.
Refreshing native plugins compatible for Editor in 30.66 ms, found 0 plugins.
Preloading 0 native plugins for Editor in 0.00 ms.
Initialize engine version: 2020.3.7f1 (dd97f2c94397)
[Subsystems] Discovering subsystems at path H:/Unity Installs/2020.3.7f1/Editor/Data/Resources/UnitySubsystems
[Subsystems] Discovering subsystems at path H:/Github Repos/games-development-year-1-assignment-3/Super Mega Phone 999 Charger Ultra Deluxe/Assets
GfxDevice: creating device client; threaded=0
Direct3D:
    Version:  Direct3D 11.0 [level 11.1]
    Renderer: NVIDIA GeForce RTX 3070 (ID=0x2488)
    Vendor:   
    VRAM:     8043 MB
    Driver:   30.0.15.1123
Initialize mono
Mono path[0] = 'H:/Unity Installs/2020.3.7f1/Editor/Data/Managed'
Mono path[1] = 'H:/Unity Installs/2020.3.7f1/Editor/Data/MonoBleedingEdge/lib/mono/unityjit'
Mono config path = 'H:/Unity Installs/2020.3.7f1/Editor/Data/MonoBleedingEdge/etc'
Using monoOptions --debugger-agent=transport=dt_socket,embedding=1,server=y,suspend=n,address=127.0.0.1:56008
Begin MonoManager ReloadAssembly
Registering precompiled unity dll's ...
Register platform support module: H:/Unity Installs/2020.3.7f1/Editor/Data/PlaybackEngines/WindowsStandaloneSupport/UnityEditor.WindowsStandalone.Extensions.dll
Registered in 0.002242 seconds.
Native extension for WindowsStandalone target not found
Refreshing native plugins compatible for Editor in 33.20 ms, found 0 plugins.
Preloading 0 native plugins for Editor in 0.00 ms.
Mono: successfully reloaded assembly
- Completed reload, in  3.920 seconds
Platform modules already initialized, skipping
Registering precompiled user dll's ...
Registered in 0.001192 seconds.
Begin MonoManager ReloadAssembly
Native extension for WindowsStandalone target not found
Refreshing native plugins compatible for Editor in 0.38 ms, found 0 plugins.
Preloading 0 native plugins for Editor in 0.00 ms.
Mono: successfully reloaded assembly
- Completed reload, in  1.295 seconds
Platform modules already initialized, skipping
========================================================================
Worker process is ready to serve import requests
Launched and connected shader compiler UnityShaderCompiler.exe after 0.07 seconds
Refreshing native plugins compatible for Editor in 0.26 ms, found 0 plugins.
Preloading 0 native plugins for Editor in 0.00 ms.
Unloading 1120 Unused Serialized files (Serialized files now loaded: 0)
System memory in use before: 57.7 MB.
System memory in use after: 57.8 MB.

Unloading 10 unused Assets to reduce memory usage. Loaded Objects now: 1563.
Total: 3.394300 ms (FindLiveObjects: 0.436700 ms CreateObjectMapping: 0.113800 ms MarkObjects: 2.726100 ms  DeleteObjects: 0.115000 ms)

========================================================================
Received Import Request.
  path: Assets/TODO.txt
  artifactKey: Guid(ee32908305745bc4abf9c5c7cd895d1a) Importer(815301076,1909f56bfc062723c751e8b465ee728b)
Start importing Assets/TODO.txt using Guid(ee32908305745bc4abf9c5c7cd895d1a) Importer(815301076,1909f56bfc062723c751e8b465ee728b)  -> (artifact id: 'b8e341b2f8ace133527c427d44fb4da4') in 0.060220 seconds
  Import took 0.063283 seconds .

========================================================================
Received Import Request.
  Time since last request: 26.935747 seconds.
  path: Assets/Scripts/numpadButton.cs
  artifactKey: Guid(c7539f90e79fe17409a4c868ae52d8fe) Importer(815301076,1909f56bfc062723c751e8b465ee728b)
Start importing Assets/Scripts/numpadButton.cs using Guid(c7539f90e79fe17409a4c868ae52d8fe) Importer(815301076,1909f56bfc062723c751e8b465ee728b)  -> (artifact id: '9b8494a37a87c2e773e6c1ab9920549e') in 0.017467 seconds
  Import took 0.019944 seconds .

========================================================================
Received Prepare
Registering precompiled user dll's ...
Registered in 0.001009 seconds.
Begin MonoManager ReloadAssembly
Native extension for WindowsStandalone target not found
Refreshing native plugins compatible for Editor in 0.30 ms, found 0 plugins.
Preloading 0 native plugins for Editor in 0.00 ms.
Mono: successfully reloaded assembly
- Completed reload, in  1.153 seconds
Platform modules already initialized, skipping
Refreshing native plugins compatible for Editor in 0.28 ms, found 0 plugins.
Preloading 0 native plugins for Editor in 0.00 ms.
Unloading 1115 Unused Serialized files (Serialized files now loaded: 0)
System memory in use before: 57.7 MB.
System memory in use after: 57.8 MB.

Unloading 5 unused Assets to reduce memory usage. Loaded Objects now: 1566.
Total: 2.067200 ms (FindLiveObjects: 0.180700 ms CreateObjectMapping: 0.033300 ms MarkObjects: 1.778900 ms  DeleteObjects: 0.072700 ms)

========================================================================
Received Prepare
Registering precompiled user dll's ...
Registered in 0.000987 seconds.
Begin MonoManager ReloadAssembly
Native extension for WindowsStandalone target not found
Refreshing native plugins compatible for Editor in 0.31 ms, found 0 plugins.
Preloading 0 native plugins for Editor in 0.00 ms.
Mono: successfully reloaded assembly
- Completed reload, in  1.168 seconds
Platform modules already initialized, skipping
Refreshing native plugins compatible for Editor in 0.27 ms, found 0 plugins.
Preloading 0 native plugins for Editor in 0.00 ms.
Unloading 1115 Unused Serialized files (Serialized files now loaded: 0)
System memory in use before: 57.7 MB.
System memory in use after: 57.8 MB.

Unloading 5 unused Assets to reduce memory usage. Loaded Objects now: 1569.
Total: 2.251000 ms (FindLiveObjects: 0.194500 ms CreateObjectMapping: 0.033700 ms MarkObjects: 1.936900 ms  DeleteObjects: 0.082800 ms)

========================================================================
Received Import Request.
  Time since last request: 467.871259 seconds.
  path: Assets/Scripts/numpadButton.cs
  artifactKey: Guid(c7539f90e79fe17409a4c868ae52d8fe) Importer(815301076,1909f56bfc062723c751e8b465ee728b)
Start importing Assets/Scripts/numpadButton.cs using Guid(c7539f90e79fe17409a4c868ae52d8fe) Importer(815301076,1909f56bfc062723c751e8b465ee728b)  -> (artifact id: '9b24dc7dfb7998fc4b79ff03fe922283') in 0.011250 seconds
  Import took 0.014100 seconds .

========================================================================
Received Prepare
Registering precompiled user dll's ...
Registered in 0.001003 seconds.
Begin MonoManager ReloadAssembly
Native extension for WindowsStandalone target not found
Refreshing native plugins compatible for Editor in 0.40 ms, found 0 plugins.
Preloading 0 native plugins for Editor in 0.00 ms.
Mono: successfully reloaded assembly
- Completed reload, in  1.210 seconds
Platform modules already initialized, skipping
Refreshing native plugins compatible for Editor in 0.42 ms, found 0 plugins.
Preloading 0 native plugins for Editor in 0.00 ms.
Unloading 1115 Unused Serialized files (Serialized files now loaded: 0)
System memory in use before: 57.7 MB.
System memory in use after: 57.8 MB.

Unloading 5 unused Assets to reduce memory usage. Loaded Objects now: 1572.
Total: 2.082800 ms (FindLiveObjects: 0.232000 ms CreateObjectMapping: 0.034100 ms MarkObjects: 1.750500 ms  DeleteObjects: 0.064500 ms)

========================================================================
Received Prepare
Registering precompiled user dll's ...
Registered in 0.001357 seconds.
Begin MonoManager ReloadAssembly
Native extension for WindowsStandalone target not found
Refreshing native plugins compatible for Editor in 0.31 ms, found 0 plugins.
Preloading 0 native plugins for Editor in 0.00 ms.
Mono: successfully reloaded assembly
- Completed reload, in  1.143 seconds
Platform modules already initialized, skipping
Refreshing native plugins compatible for Editor in 0.35 ms, found 0 plugins.
Preloading 0 native plugins for Editor in 0.00 ms.
Unloading 1115 Unused Serialized files (Serialized files now loaded: 0)
System memory in use before: 57.7 MB.
System memory in use after: 57.8 MB.

Unloading 5 unused Assets to reduce memory usage. Loaded Objects now: 1575.
Total: 2.155300 ms (FindLiveObjects: 0.188600 ms CreateObjectMapping: 0.033600 ms MarkObjects: 1.860200 ms  DeleteObjects: 0.070800 ms)

========================================================================
Received Prepare
Registering precompiled user dll's ...
Registered in 0.001883 seconds.
Begin MonoManager ReloadAssembly
Native extension for WindowsStandalone target not found
Refreshing native plugins compatible for Editor in 0.34 ms, found 0 plugins.
Preloading 0 native plugins for Editor in 0.00 ms.
Mono: successfully reloaded assembly
- Completed reload, in  1.150 seconds
Platform modules already initialized, skipping
Refreshing native plugins compatible for Editor in 0.30 ms, found 0 plugins.
Preloading 0 native plugins for Editor in 0.00 ms.
Unloading 1115 Unused Serialized files (Serialized files now loaded: 0)
System memory in use before: 57.8 MB.
System memory in use after: 57.8 MB.

Unloading 5 unused Assets to reduce memory usage. Loaded Objects now: 1578.
Total: 2.909300 ms (FindLiveObjects: 0.247400 ms CreateObjectMapping: 0.043700 ms MarkObjects: 2.538900 ms  DeleteObjects: 0.077400 ms)

========================================================================
Received Import Request.
  Time since last request: 658.929141 seconds.
  path: Assets/Scripts/inputHandler.cs
  artifactKey: Guid(139b76c0df0bc344e811f9674dc2ef4b) Importer(815301076,1909f56bfc062723c751e8b465ee728b)
Start importing Assets/Scripts/inputHandler.cs using Guid(139b76c0df0bc344e811f9674dc2ef4b) Importer(815301076,1909f56bfc062723c751e8b465ee728b)  -> (artifact id: '9f23dddb80a308a7dfaa5542a7be22aa') in 0.019131 seconds
  Import took 0.021729 seconds .

========================================================================
Received Prepare
Registering precompiled user dll's ...
Registered in 0.001038 seconds.
Begin MonoManager ReloadAssembly
Native extension for WindowsStandalone target not found
Refreshing native plugins compatible for Editor in 0.45 ms, found 0 plugins.
Preloading 0 native plugins for Editor in 0.00 ms.
Mono: successfully reloaded assembly
- Completed reload, in  1.299 seconds
Platform modules already initialized, skipping
Refreshing native plugins compatible for Editor in 0.40 ms, found 0 plugins.
Preloading 0 native plugins for Editor in 0.00 ms.
Unloading 1116 Unused Serialized files (Serialized files now loaded: 0)
System memory in use before: 57.8 MB.
System memory in use after: 57.9 MB.

Unloading 5 unused Assets to reduce memory usage. Loaded Objects now: 1582.
Total: 2.157700 ms (FindLiveObjects: 0.189500 ms CreateObjectMapping: 0.047200 ms MarkObjects: 1.848300 ms  DeleteObjects: 0.071100 ms)

========================================================================
Received Import Request.
  Time since last request: 180.364611 seconds.
  path: Assets/TODO.txt
  artifactKey: Guid(ee32908305745bc4abf9c5c7cd895d1a) Importer(815301076,1909f56bfc062723c751e8b465ee728b)
Start importing Assets/TODO.txt using Guid(ee32908305745bc4abf9c5c7cd895d1a) Importer(815301076,1909f56bfc062723c751e8b465ee728b)  -> (artifact id: '206edad90619ca702002579e98110a1a') in 0.026150 seconds
  Import took 0.029019 seconds .

========================================================================
Received Import Request.
  Time since last request: 369.637204 seconds.
  path: Assets/Scripts/inputHandler.cs
  artifactKey: Guid(139b76c0df0bc344e811f9674dc2ef4b) Importer(815301076,1909f56bfc062723c751e8b465ee728b)
Start importing Assets/Scripts/inputHandler.cs using Guid(139b76c0df0bc344e811f9674dc2ef4b) Importer(815301076,1909f56bfc062723c751e8b465ee728b)  -> (artifact id: '38244106743684dd5a9e1ee4c01e0014') in 0.003600 seconds
  Import took 0.006206 seconds .

========================================================================
Received Import Request.
  Time since last request: 0.038933 seconds.
  path: Assets/Scripts/inputHandler.cs
  artifactKey: Guid(139b76c0df0bc344e811f9674dc2ef4b) Importer(815301076,1909f56bfc062723c751e8b465ee728b)
Start importing Assets/Scripts/inputHandler.cs using Guid(139b76c0df0bc344e811f9674dc2ef4b) Importer(815301076,1909f56bfc062723c751e8b465ee728b)  -> (artifact id: '38244106743684dd5a9e1ee4c01e0014') in 0.005040 seconds
  Import took 0.007473 seconds .

========================================================================
Received Prepare
Registering precompiled user dll's ...
Registered in 0.001059 seconds.
Begin MonoManager ReloadAssembly
Native extension for WindowsStandalone target not found
Refreshing native plugins compatible for Editor in 0.43 ms, found 0 plugins.
Preloading 0 native plugins for Editor in 0.00 ms.
Mono: successfully reloaded assembly
- Completed reload, in  1.233 seconds
Platform modules already initialized, skipping
Refreshing native plugins compatible for Editor in 0.30 ms, found 0 plugins.
Preloading 0 native plugins for Editor in 0.00 ms.
Unloading 1116 Unused Serialized files (Serialized files now loaded: 0)
System memory in use before: 57.8 MB.
System memory in use after: 57.9 MB.

Unloading 5 unused Assets to reduce memory usage. Loaded Objects now: 1585.
Total: 2.193300 ms (FindLiveObjects: 0.260800 ms CreateObjectMapping: 0.049200 ms MarkObjects: 1.802800 ms  DeleteObjects: 0.079200 ms)

========================================================================
Received Prepare
Registering precompiled user dll's ...
Registered in 0.001309 seconds.
Begin MonoManager ReloadAssembly
Native extension for WindowsStandalone target not found
Refreshing native plugins compatible for Editor in 0.27 ms, found 0 plugins.
Preloading 0 native plugins for Editor in 0.00 ms.
Mono: successfully reloaded assembly
- Completed reload, in  1.157 seconds
Platform modules already initialized, skipping
Refreshing native plugins compatible for Editor in 0.27 ms, found 0 plugins.
Preloading 0 native plugins for Editor in 0.00 ms.
Unloading 1116 Unused Serialized files (Serialized files now loaded: 0)
System memory in use before: 57.8 MB.
System memory in use after: 57.9 MB.

Unloading 5 unused Assets to reduce memory usage. Loaded Objects now: 1588.
Total: 2.819700 ms (FindLiveObjects: 0.341000 ms CreateObjectMapping: 0.035000 ms MarkObjects: 2.369500 ms  DeleteObjects: 0.072400 ms)

========================================================================
Received Prepare
Registering precompiled user dll's ...
Registered in 0.001132 seconds.
Begin MonoManager ReloadAssembly
Native extension for WindowsStandalone target not found
Refreshing native plugins compatible for Editor in 0.27 ms, found 0 plugins.
Preloading 0 native plugins for Editor in 0.00 ms.
Mono: successfully reloaded assembly
- Completed reload, in  1.161 seconds
Platform modules already initialized, skipping
Refreshing native plugins compatible for Editor in 0.26 ms, found 0 plugins.
Preloading 0 native plugins for Editor in 0.00 ms.
Unloading 1116 Unused Serialized files (Serialized files now loaded: 0)
System memory in use before: 57.8 MB.
System memory in use after: 57.9 MB.

Unloading 5 unused Assets to reduce memory usage. Loaded Objects now: 1591.
Total: 3.023300 ms (FindLiveObjects: 0.183300 ms CreateObjectMapping: 0.033900 ms MarkObjects: 2.727900 ms  DeleteObjects: 0.076200 ms)

AssetImportWorkerClient::OnTransportError - code=2 error=End of file
