Using pre-set license
Built from '2020.3/release' branch; Version is '2020.3.7f1 (dd97f2c94397) revision 14522354'; Using compiler version '192528614'; Build Type 'Release'
OS: 'Windows 10 Pro; OS build 19043.1526; Version 2009; 64bit' Language: 'en' Physical Memory: 16320 MB
BatchMode: 1, IsHumanControllingUs: 0, StartBugReporterOnCrash: 0, Is64bit: 1, IsPro: 0

 COMMAND LINE ARGUMENTS:
H:\Unity Installs\2020.3.7f1\Editor\Unity.exe
-adb2
-batchMode
-noUpm
-name
AssetImportWorker0
-projectPath
H:/Github Repos/games-development-year-1-assignment-3/Super Mega Phone 999 Charger Ultra Deluxe
-logFile
Logs/AssetImportWorker0.log
-srvPort
60723
Successfully changed project path to: H:/Github Repos/games-development-year-1-assignment-3/Super Mega Phone 999 Charger Ultra Deluxe
H:/Github Repos/games-development-year-1-assignment-3/Super Mega Phone 999 Charger Ultra Deluxe
Using Asset Import Pipeline V2.
Refreshing native plugins compatible for Editor in 30.43 ms, found 0 plugins.
Preloading 0 native plugins for Editor in 0.00 ms.
Initialize engine version: 2020.3.7f1 (dd97f2c94397)
[Subsystems] Discovering subsystems at path H:/Unity Installs/2020.3.7f1/Editor/Data/Resources/UnitySubsystems
[Subsystems] Discovering subsystems at path H:/Github Repos/games-development-year-1-assignment-3/Super Mega Phone 999 Charger Ultra Deluxe/Assets
GfxDevice: creating device client; threaded=0
Direct3D:
    Version:  Direct3D 11.0 [level 11.1]
    Renderer: NVIDIA GeForce RTX 3070 (ID=0x2488)
    Vendor:   
    VRAM:     8043 MB
    Driver:   30.0.15.1123
Initialize mono
Mono path[0] = 'H:/Unity Installs/2020.3.7f1/Editor/Data/Managed'
Mono path[1] = 'H:/Unity Installs/2020.3.7f1/Editor/Data/MonoBleedingEdge/lib/mono/unityjit'
Mono config path = 'H:/Unity Installs/2020.3.7f1/Editor/Data/MonoBleedingEdge/etc'
Using monoOptions --debugger-agent=transport=dt_socket,embedding=1,server=y,suspend=n,address=127.0.0.1:56712
Begin MonoManager ReloadAssembly
Registering precompiled unity dll's ...
Register platform support module: H:/Unity Installs/2020.3.7f1/Editor/Data/PlaybackEngines/WindowsStandaloneSupport/UnityEditor.WindowsStandalone.Extensions.dll
Registered in 0.001858 seconds.
Native extension for WindowsStandalone target not found
Refreshing native plugins compatible for Editor in 34.44 ms, found 0 plugins.
Preloading 0 native plugins for Editor in 0.00 ms.
Mono: successfully reloaded assembly
- Completed reload, in  3.773 seconds
Platform modules already initialized, skipping
Registering precompiled user dll's ...
Registered in 0.001131 seconds.
Begin MonoManager ReloadAssembly
Native extension for WindowsStandalone target not found
Refreshing native plugins compatible for Editor in 0.28 ms, found 0 plugins.
Preloading 0 native plugins for Editor in 0.00 ms.
Mono: successfully reloaded assembly
- Completed reload, in  1.187 seconds
Platform modules already initialized, skipping
========================================================================
Worker process is ready to serve import requests
Launched and connected shader compiler UnityShaderCompiler.exe after 0.11 seconds
Refreshing native plugins compatible for Editor in 0.49 ms, found 0 plugins.
Preloading 0 native plugins for Editor in 0.00 ms.
Unloading 1119 Unused Serialized files (Serialized files now loaded: 0)
System memory in use before: 57.7 MB.
System memory in use after: 57.8 MB.

Unloading 10 unused Assets to reduce memory usage. Loaded Objects now: 1562.
Total: 3.704600 ms (FindLiveObjects: 0.296500 ms CreateObjectMapping: 0.173200 ms MarkObjects: 3.067600 ms  DeleteObjects: 0.163600 ms)

========================================================================
Received Import Request.
  path: Assets/Scripts/Lockscreen.cs
  artifactKey: Guid(c8895daee9c75ae44a7228884cdff1a7) Importer(815301076,1909f56bfc062723c751e8b465ee728b)
Start importing Assets/Scripts/Lockscreen.cs using Guid(c8895daee9c75ae44a7228884cdff1a7) Importer(815301076,1909f56bfc062723c751e8b465ee728b)  -> (artifact id: '0405b413d54f1fe5bcd3fe4bef6dec89') in 0.072314 seconds
  Import took 0.074811 seconds .

========================================================================
Received Import Request.
  Time since last request: 0.000453 seconds.
  path: Assets/Scripts/numpadButton.cs
  artifactKey: Guid(c7539f90e79fe17409a4c868ae52d8fe) Importer(815301076,1909f56bfc062723c751e8b465ee728b)
Start importing Assets/Scripts/numpadButton.cs using Guid(c7539f90e79fe17409a4c868ae52d8fe) Importer(815301076,1909f56bfc062723c751e8b465ee728b)  -> (artifact id: '2c719296c2b8d5725f04a94589108648') in 0.008628 seconds
  Import took 0.011697 seconds .

========================================================================
Received Prepare
Registering precompiled user dll's ...
Registered in 0.001013 seconds.
Begin MonoManager ReloadAssembly
Native extension for WindowsStandalone target not found
Refreshing native plugins compatible for Editor in 0.27 ms, found 0 plugins.
Preloading 0 native plugins for Editor in 0.00 ms.
Mono: successfully reloaded assembly
- Completed reload, in  1.151 seconds
Platform modules already initialized, skipping
Refreshing native plugins compatible for Editor in 0.27 ms, found 0 plugins.
Preloading 0 native plugins for Editor in 0.00 ms.
Unloading 1114 Unused Serialized files (Serialized files now loaded: 0)
System memory in use before: 57.7 MB.
System memory in use after: 57.7 MB.

Unloading 5 unused Assets to reduce memory usage. Loaded Objects now: 1565.
Total: 2.179200 ms (FindLiveObjects: 0.201900 ms CreateObjectMapping: 0.034700 ms MarkObjects: 1.865900 ms  DeleteObjects: 0.075400 ms)

========================================================================
Received Import Request.
  Time since last request: 153.339364 seconds.
  path: Assets/Scripts/Lockscreen.cs
  artifactKey: Guid(c8895daee9c75ae44a7228884cdff1a7) Importer(815301076,1909f56bfc062723c751e8b465ee728b)
Start importing Assets/Scripts/Lockscreen.cs using Guid(c8895daee9c75ae44a7228884cdff1a7) Importer(815301076,1909f56bfc062723c751e8b465ee728b)  -> (artifact id: '719c0bae5f1259b00609ed831d2907af') in 0.010079 seconds
  Import took 0.013473 seconds .

========================================================================
Received Prepare
Registering precompiled user dll's ...
Registered in 0.001231 seconds.
Begin MonoManager ReloadAssembly
Native extension for WindowsStandalone target not found
Refreshing native plugins compatible for Editor in 0.42 ms, found 0 plugins.
Preloading 0 native plugins for Editor in 0.00 ms.
Mono: successfully reloaded assembly
- Completed reload, in  1.155 seconds
Platform modules already initialized, skipping
Refreshing native plugins compatible for Editor in 0.33 ms, found 0 plugins.
Preloading 0 native plugins for Editor in 0.00 ms.
Unloading 1114 Unused Serialized files (Serialized files now loaded: 0)
System memory in use before: 57.7 MB.
System memory in use after: 57.8 MB.

Unloading 5 unused Assets to reduce memory usage. Loaded Objects now: 1568.
Total: 3.188300 ms (FindLiveObjects: 0.263000 ms CreateObjectMapping: 0.045500 ms MarkObjects: 2.799200 ms  DeleteObjects: 0.078500 ms)

========================================================================
Received Import Request.
  Time since last request: 287.096669 seconds.
  path: Assets/Scripts/codeNote.cs
  artifactKey: Guid(8a56e6f7d4a1c47479704a00adb7cd87) Importer(815301076,1909f56bfc062723c751e8b465ee728b)
Start importing Assets/Scripts/codeNote.cs using Guid(8a56e6f7d4a1c47479704a00adb7cd87) Importer(815301076,1909f56bfc062723c751e8b465ee728b)  -> (artifact id: 'bd09dc5a7c9d15528aa50033b8a9f7c9') in 0.017715 seconds
  Import took 0.020208 seconds .

========================================================================
Received Import Request.
  Time since last request: 8.242229 seconds.
  path: Assets/Scripts/codeNote1.cs
  artifactKey: Guid(c44d0c8a975f44845b85c8ae7288f3e4) Importer(815301076,1909f56bfc062723c751e8b465ee728b)
Start importing Assets/Scripts/codeNote1.cs using Guid(c44d0c8a975f44845b85c8ae7288f3e4) Importer(815301076,1909f56bfc062723c751e8b465ee728b)  -> (artifact id: '20aab7028277d3a03c8a1b37e3b18940') in 0.011234 seconds
  Import took 0.015356 seconds .

========================================================================
Received Import Request.
  Time since last request: 21.434492 seconds.
  path: Assets/Scripts/enteredCodeText.cs
  artifactKey: Guid(c44d0c8a975f44845b85c8ae7288f3e4) Importer(815301076,1909f56bfc062723c751e8b465ee728b)
Start importing Assets/Scripts/enteredCodeText.cs using Guid(c44d0c8a975f44845b85c8ae7288f3e4) Importer(815301076,1909f56bfc062723c751e8b465ee728b)  -> (artifact id: 'a0c2ebec9e672a46dfa9c8d977ad66d0') in 0.012582 seconds
  Import took 0.015126 seconds .

========================================================================
Received Prepare
Registering precompiled user dll's ...
Registered in 0.001022 seconds.
Begin MonoManager ReloadAssembly
Native extension for WindowsStandalone target not found
Refreshing native plugins compatible for Editor in 0.28 ms, found 0 plugins.
Preloading 0 native plugins for Editor in 0.00 ms.
Mono: successfully reloaded assembly
- Completed reload, in  1.119 seconds
Platform modules already initialized, skipping
Refreshing native plugins compatible for Editor in 0.26 ms, found 0 plugins.
Preloading 0 native plugins for Editor in 0.00 ms.
Unloading 1115 Unused Serialized files (Serialized files now loaded: 0)
System memory in use before: 57.7 MB.
System memory in use after: 57.8 MB.

Unloading 5 unused Assets to reduce memory usage. Loaded Objects now: 1572.
Total: 2.457500 ms (FindLiveObjects: 0.250600 ms CreateObjectMapping: 0.037300 ms MarkObjects: 2.095200 ms  DeleteObjects: 0.072500 ms)

========================================================================
Received Import Request.
  Time since last request: 32.688341 seconds.
  path: Assets/Scripts/enteredCodeText.cs
  artifactKey: Guid(c44d0c8a975f44845b85c8ae7288f3e4) Importer(815301076,1909f56bfc062723c751e8b465ee728b)
Start importing Assets/Scripts/enteredCodeText.cs using Guid(c44d0c8a975f44845b85c8ae7288f3e4) Importer(815301076,1909f56bfc062723c751e8b465ee728b)  -> (artifact id: 'e67346656fbb10e49cd25d29f3ebf7d5') in 0.009575 seconds
  Import took 0.012090 seconds .

========================================================================
Received Prepare
Registering precompiled user dll's ...
Registered in 0.001022 seconds.
Begin MonoManager ReloadAssembly
Native extension for WindowsStandalone target not found
Refreshing native plugins compatible for Editor in 0.56 ms, found 0 plugins.
Preloading 0 native plugins for Editor in 0.00 ms.
Mono: successfully reloaded assembly
- Completed reload, in  1.186 seconds
Platform modules already initialized, skipping
Refreshing native plugins compatible for Editor in 0.28 ms, found 0 plugins.
Preloading 0 native plugins for Editor in 0.00 ms.
Unloading 1115 Unused Serialized files (Serialized files now loaded: 0)
System memory in use before: 57.7 MB.
System memory in use after: 57.8 MB.

Unloading 5 unused Assets to reduce memory usage. Loaded Objects now: 1575.
Total: 2.163700 ms (FindLiveObjects: 0.191300 ms CreateObjectMapping: 0.034300 ms MarkObjects: 1.871500 ms  DeleteObjects: 0.065100 ms)

========================================================================
Received Import Request.
  Time since last request: 37.861830 seconds.
  path: Assets/Scripts/enteredCodeText.cs
  artifactKey: Guid(c44d0c8a975f44845b85c8ae7288f3e4) Importer(815301076,1909f56bfc062723c751e8b465ee728b)
Start importing Assets/Scripts/enteredCodeText.cs using Guid(c44d0c8a975f44845b85c8ae7288f3e4) Importer(815301076,1909f56bfc062723c751e8b465ee728b)  -> (artifact id: 'dc2abbbbc1392cfdc2c3722da19b366b') in 0.010117 seconds
  Import took 0.013442 seconds .

========================================================================
Received Prepare
Registering precompiled user dll's ...
Registered in 0.001234 seconds.
Begin MonoManager ReloadAssembly
Native extension for WindowsStandalone target not found
Refreshing native plugins compatible for Editor in 0.28 ms, found 0 plugins.
Preloading 0 native plugins for Editor in 0.00 ms.
Mono: successfully reloaded assembly
- Completed reload, in  1.191 seconds
Platform modules already initialized, skipping
Refreshing native plugins compatible for Editor in 0.28 ms, found 0 plugins.
Preloading 0 native plugins for Editor in 0.00 ms.
Unloading 1115 Unused Serialized files (Serialized files now loaded: 0)
System memory in use before: 57.7 MB.
System memory in use after: 57.8 MB.

Unloading 5 unused Assets to reduce memory usage. Loaded Objects now: 1578.
Total: 2.328400 ms (FindLiveObjects: 0.239300 ms CreateObjectMapping: 0.041700 ms MarkObjects: 1.971700 ms  DeleteObjects: 0.072800 ms)

========================================================================
Received Prepare
Registering precompiled user dll's ...
Registered in 0.001415 seconds.
Begin MonoManager ReloadAssembly
Native extension for WindowsStandalone target not found
Refreshing native plugins compatible for Editor in 0.30 ms, found 0 plugins.
Preloading 0 native plugins for Editor in 0.00 ms.
Mono: successfully reloaded assembly
- Completed reload, in  1.171 seconds
Platform modules already initialized, skipping
Refreshing native plugins compatible for Editor in 0.26 ms, found 0 plugins.
Preloading 0 native plugins for Editor in 0.00 ms.
Unloading 1115 Unused Serialized files (Serialized files now loaded: 0)
System memory in use before: 57.7 MB.
System memory in use after: 57.8 MB.

Unloading 5 unused Assets to reduce memory usage. Loaded Objects now: 1581.
Total: 3.288800 ms (FindLiveObjects: 0.520800 ms CreateObjectMapping: 0.166600 ms MarkObjects: 2.524000 ms  DeleteObjects: 0.075800 ms)

========================================================================
Received Prepare
Registering precompiled user dll's ...
Registered in 0.001174 seconds.
Begin MonoManager ReloadAssembly
Native extension for WindowsStandalone target not found
Refreshing native plugins compatible for Editor in 0.28 ms, found 0 plugins.
Preloading 0 native plugins for Editor in 0.00 ms.
Mono: successfully reloaded assembly
- Completed reload, in  1.209 seconds
Platform modules already initialized, skipping
Refreshing native plugins compatible for Editor in 0.48 ms, found 0 plugins.
Preloading 0 native plugins for Editor in 0.00 ms.
Unloading 1115 Unused Serialized files (Serialized files now loaded: 0)
System memory in use before: 57.7 MB.
System memory in use after: 57.8 MB.

Unloading 5 unused Assets to reduce memory usage. Loaded Objects now: 1584.
Total: 2.564100 ms (FindLiveObjects: 0.274700 ms CreateObjectMapping: 0.059600 ms MarkObjects: 2.143900 ms  DeleteObjects: 0.083700 ms)

